<?xml version="1.0" encoding="UTF-8"?>
<feed xmlns="http://www.w3.org/2005/Atom">
 <id>http://shiny-thing.local:8000/pushlog</id>
 <link rel="self" href="http://shiny-thing.local:8000/pushlog" />
 <updated>2008-11-20T15:53:42Z</updated>
 <title>hg-test Pushlog</title>
 <entry>
  <title>Changeset 427bfb5defee1bbe75f3fcd8a86be3ad33657e95</title>
  <id>http://www.selenic.com/mercurial/#changeset-427bfb5defee1bbe75f3fcd8a86be3ad33657e95</id>
  <link href="http://shiny-thing.local:8000/rev/427bfb5defee1bbe75f3fcd8a86be3ad33657e95" />
  <updated>2008-11-20T15:53:42Z</updated>
  <author>
   <name>luser</name>
  </author>
  <content type="xhtml">
    <div xmlns="http://www.w3.org/1999/xhtml">
      <ul class="filelist"><li class="file">testfile</li></ul>
    </div>
  </content>
 </entry>
 <entry>
  <title>Changeset bd6a28608e15b54c145f0af9015ef5dbca3462d6</title>
  <id>http://www.selenic.com/mercurial/#changeset-bd6a28608e15b54c145f0af9015ef5dbca3462d6</id>
  <link href="http://shiny-thing.local:8000/rev/bd6a28608e15b54c145f0af9015ef5dbca3462d6" />
  <updated>2008-11-20T15:53:42Z</updated>
  <author>
   <name>luser</name>
  </author>
  <content type="xhtml">
    <div xmlns="http://www.w3.org/1999/xhtml">
      <ul class="filelist"><li class="file">testfile</li></ul>
    </div>
  </content>
 </entry>
 <entry>
  <title>Changeset 5995073215aee645700749a66989b1936b5f4ca6</title>
  <id>http://www.selenic.com/mercurial/#changeset-5995073215aee645700749a66989b1936b5f4ca6</id>
  <link href="http://shiny-thing.local:8000/rev/5995073215aee645700749a66989b1936b5f4ca6" />
  <updated>2008-11-20T15:53:37Z</updated>
  <author>
   <name>luser</name>
  </author>
  <content type="xhtml">
    <div xmlns="http://www.w3.org/1999/xhtml">
      <ul class="filelist"><li class="file">testfile</li></ul>
    </div>
  </content>
 </entry>
 <entry>
  <title>Changeset ed2e46ccf6357ec678bf02e77dd7ef0efa308c4b</title>
  <id>http://www.selenic.com/mercurial/#changeset-ed2e46ccf6357ec678bf02e77dd7ef0efa308c4b</id>
  <link href="http://shiny-thing.local:8000/rev/ed2e46ccf6357ec678bf02e77dd7ef0efa308c4b" />
  <updated>2008-11-20T15:53:37Z</updated>
  <author>
   <name>luser</name>
  </author>
  <content type="xhtml">
    <div xmlns="http://www.w3.org/1999/xhtml">
      <ul class="filelist"><li class="file">testfile</li></ul>
    </div>
  </content>
 </entry>
 <entry>
  <title>Changeset a79451771352e444711b99134174c5daa05db9cd</title>
  <id>http://www.selenic.com/mercurial/#changeset-a79451771352e444711b99134174c5daa05db9cd</id>
  <link href="http://shiny-thing.local:8000/rev/a79451771352e444711b99134174c5daa05db9cd" />
  <updated>2008-11-20T15:53:32Z</updated>
  <author>
   <name>luser</name>
  </author>
  <content type="xhtml">
    <div xmlns="http://www.w3.org/1999/xhtml">
      <ul class="filelist"><li class="file">testfile</li></ul>
    </div>
  </content>
 </entry>
 <entry>
  <title>Changeset cf831767c52b75f1c57aa41d586877f9d18d61fa</title>
  <id>http://www.selenic.com/mercurial/#changeset-cf831767c52b75f1c57aa41d586877f9d18d61fa</id>
  <link href="http://shiny-thing.local:8000/rev/cf831767c52b75f1c57aa41d586877f9d18d61fa" />
  <updated>2008-11-20T15:53:32Z</updated>
  <author>
   <name>luser</name>
  </author>
  <content type="xhtml">
    <div xmlns="http://www.w3.org/1999/xhtml">
      <ul class="filelist"><li class="file">testfile</li></ul>
    </div>
  </content>
 </entry>
 <entry>
  <title>Changeset 0ea9c66e27948fde116fbaa141bb53e9f7c23359</title>
  <id>http://www.selenic.com/mercurial/#changeset-0ea9c66e27948fde116fbaa141bb53e9f7c23359</id>
  <link href="http://shiny-thing.local:8000/rev/0ea9c66e27948fde116fbaa141bb53e9f7c23359" />
  <updated>2008-11-20T15:53:26Z</updated>
  <author>
   <name>luser</name>
  </author>
  <content type="xhtml">
    <div xmlns="http://www.w3.org/1999/xhtml">
      <ul class="filelist"><li class="file">testfile</li></ul>
    </div>
  </content>
 </entry>
 <entry>
  <title>Changeset 6af3e4a04e2dd1491fc63c5b0cd811429452abc2</title>
  <id>http://www.selenic.com/mercurial/#changeset-6af3e4a04e2dd1491fc63c5b0cd811429452abc2</id>
  <link href="http://shiny-thing.local:8000/rev/6af3e4a04e2dd1491fc63c5b0cd811429452abc2" />
  <updated>2008-11-20T15:53:26Z</updated>
  <author>
   <name>luser</name>
  </author>
  <content type="xhtml">
    <div xmlns="http://www.w3.org/1999/xhtml">
      <ul class="filelist"><li class="file">testfile</li></ul>
    </div>
  </content>
 </entry>
 <entry>
  <title>Changeset 6437207053fb9701290b738d720044803436ba3e</title>
  <id>http://www.selenic.com/mercurial/#changeset-6437207053fb9701290b738d720044803436ba3e</id>
  <link href="http://shiny-thing.local:8000/rev/6437207053fb9701290b738d720044803436ba3e" />
  <updated>2008-11-20T15:53:21Z</updated>
  <author>
   <name>luser</name>
  </author>
  <content type="xhtml">
    <div xmlns="http://www.w3.org/1999/xhtml">
      <ul class="filelist"><li class="file">testfile</li></ul>
    </div>
  </content>
 </entry>
 <entry>
  <title>Changeset 759b21a48c09dfc221107268e84c71c32d48c84b</title>
  <id>http://www.selenic.com/mercurial/#changeset-759b21a48c09dfc221107268e84c71c32d48c84b</id>
  <link href="http://shiny-thing.local:8000/rev/759b21a48c09dfc221107268e84c71c32d48c84b" />
  <updated>2008-11-20T15:53:21Z</updated>
  <author>
   <name>luser</name>
  </author>
  <content type="xhtml">
    <div xmlns="http://www.w3.org/1999/xhtml">
      <ul class="filelist"><li class="file">testfile</li></ul>
    </div>
  </content>
 </entry>
 <entry>
  <title>Changeset 25f2a69ac7ac2919ef35c0b937b862fbb9e7e1f7</title>
  <id>http://www.selenic.com/mercurial/#changeset-25f2a69ac7ac2919ef35c0b937b862fbb9e7e1f7</id>
  <link href="http://shiny-thing.local:8000/rev/25f2a69ac7ac2919ef35c0b937b862fbb9e7e1f7" />
  <updated>2008-11-20T15:53:16Z</updated>
  <author>
   <name>luser</name>
  </author>
  <content type="xhtml">
    <div xmlns="http://www.w3.org/1999/xhtml">
      <ul class="filelist"><li class="file">testfile</li></ul>
    </div>
  </content>
 </entry>
 <entry>
  <title>Changeset 91826025c77c6a8e5711735adaa9766dd4eac7fc</title>
  <id>http://www.selenic.com/mercurial/#changeset-91826025c77c6a8e5711735adaa9766dd4eac7fc</id>
  <link href="http://shiny-thing.local:8000/rev/91826025c77c6a8e5711735adaa9766dd4eac7fc" />
  <updated>2008-11-20T15:53:16Z</updated>
  <author>
   <name>luser</name>
  </author>
  <content type="xhtml">
    <div xmlns="http://www.w3.org/1999/xhtml">
      <ul class="filelist"><li class="file">testfile</li></ul>
    </div>
  </content>
 </entry>
 <entry>
  <title>Changeset af5fb85d93246318a4050c4def448cbcfd068e57</title>
  <id>http://www.selenic.com/mercurial/#changeset-af5fb85d93246318a4050c4def448cbcfd068e57</id>
  <link href="http://shiny-thing.local:8000/rev/af5fb85d93246318a4050c4def448cbcfd068e57" />
  <updated>2008-11-20T15:53:10Z</updated>
  <author>
   <name>luser</name>
  </author>
  <content type="xhtml">
    <div xmlns="http://www.w3.org/1999/xhtml">
      <ul class="filelist"><li class="file">testfile</li></ul>
    </div>
  </content>
 </entry>
 <entry>
  <title>Changeset 41720e1fcc1c24ffd16cd988b5d8fbbe1fe23c90</title>
  <id>http://www.selenic.com/mercurial/#changeset-41720e1fcc1c24ffd16cd988b5d8fbbe1fe23c90</id>
  <link href="http://shiny-thing.local:8000/rev/41720e1fcc1c24ffd16cd988b5d8fbbe1fe23c90" />
  <updated>2008-11-20T15:53:10Z</updated>
  <author>
   <name>luser</name>
  </author>
  <content type="xhtml">
    <div xmlns="http://www.w3.org/1999/xhtml">
      <ul class="filelist"><li class="file">testfile</li></ul>
    </div>
  </content>
 </entry>
 <entry>
  <title>Changeset 853ae4aff7ec183c47f8b9b08faff9f8f4083855</title>
  <id>http://www.selenic.com/mercurial/#changeset-853ae4aff7ec183c47f8b9b08faff9f8f4083855</id>
  <link href="http://shiny-thing.local:8000/rev/853ae4aff7ec183c47f8b9b08faff9f8f4083855" />
  <updated>2008-11-20T15:53:05Z</updated>
  <author>
   <name>luser</name>
  </author>
  <content type="xhtml">
    <div xmlns="http://www.w3.org/1999/xhtml">
      <ul class="filelist"><li class="file">testfile</li></ul>
    </div>
  </content>
 </entry>
 <entry>
  <title>Changeset db80b071182be2384ba703f77a135a637e9a184a</title>
  <id>http://www.selenic.com/mercurial/#changeset-db80b071182be2384ba703f77a135a637e9a184a</id>
  <link href="http://shiny-thing.local:8000/rev/db80b071182be2384ba703f77a135a637e9a184a" />
  <updated>2008-11-20T15:53:05Z</updated>
  <author>
   <name>luser</name>
  </author>
  <content type="xhtml">
    <div xmlns="http://www.w3.org/1999/xhtml">
      <ul class="filelist"><li class="file">testfile</li></ul>
    </div>
  </content>
 </entry>
 <entry>
  <title>Changeset 4ccee53e18ac923ff9ac995805748167128327a9</title>
  <id>http://www.selenic.com/mercurial/#changeset-4ccee53e18ac923ff9ac995805748167128327a9</id>
  <link href="http://shiny-thing.local:8000/rev/4ccee53e18ac923ff9ac995805748167128327a9" />
  <updated>2008-11-20T15:53:00Z</updated>
  <author>
   <name>luser</name>
  </author>
  <content type="xhtml">
    <div xmlns="http://www.w3.org/1999/xhtml">
      <ul class="filelist"><li class="file">testfile</li></ul>
    </div>
  </content>
 </entry>
 <entry>
  <title>Changeset 7d6c2c9744fe87b74aa6adce043c597dbdbb53b5</title>
  <id>http://www.selenic.com/mercurial/#changeset-7d6c2c9744fe87b74aa6adce043c597dbdbb53b5</id>
  <link href="http://shiny-thing.local:8000/rev/7d6c2c9744fe87b74aa6adce043c597dbdbb53b5" />
  <updated>2008-11-20T15:53:00Z</updated>
  <author>
   <name>luser</name>
  </author>
  <content type="xhtml">
    <div xmlns="http://www.w3.org/1999/xhtml">
      <ul class="filelist"><li class="file">testfile</li></ul>
    </div>
  </content>
 </entry>
 <entry>
  <title>Changeset 7886a3f7fcba196c29bd9de0cc4d858cdc4910b9</title>
  <id>http://www.selenic.com/mercurial/#changeset-7886a3f7fcba196c29bd9de0cc4d858cdc4910b9</id>
  <link href="http://shiny-thing.local:8000/rev/7886a3f7fcba196c29bd9de0cc4d858cdc4910b9" />
  <updated>2008-11-20T15:52:55Z</updated>
  <author>
   <name>luser</name>
  </author>
  <content type="xhtml">
    <div xmlns="http://www.w3.org/1999/xhtml">
      <ul class="filelist"><li class="file">testfile</li></ul>
    </div>
  </content>
 </entry>
 <entry>
  <title>Changeset cc07cc0e87f8d80baf8242a2f27b610bc16e03a8</title>
  <id>http://www.selenic.com/mercurial/#changeset-cc07cc0e87f8d80baf8242a2f27b610bc16e03a8</id>
  <link href="http://shiny-thing.local:8000/rev/cc07cc0e87f8d80baf8242a2f27b610bc16e03a8" />
  <updated>2008-11-20T15:52:55Z</updated>
  <author>
   <name>luser</name>
  </author>
  <content type="xhtml">
    <div xmlns="http://www.w3.org/1999/xhtml">
      <ul class="filelist"><li class="file">testfile</li></ul>
    </div>
  </content>
 </entry>
 <entry>
  <title>Changeset e9ea8b142bf4e2aa230cbd46d68ec73f45c1e080</title>
  <id>http://www.selenic.com/mercurial/#changeset-e9ea8b142bf4e2aa230cbd46d68ec73f45c1e080</id>
  <link href="http://shiny-thing.local:8000/rev/e9ea8b142bf4e2aa230cbd46d68ec73f45c1e080" />
  <updated>2008-11-20T15:52:49Z</updated>
  <author>
   <name>luser</name>
  </author>
  <content type="xhtml">
    <div xmlns="http://www.w3.org/1999/xhtml">
      <ul class="filelist"><li class="file">testfile</li></ul>
    </div>
  </content>
 </entry>
 <entry>
  <title>Changeset d19fa6e892483a197ba0138d996ef3621828f9ea</title>
  <id>http://www.selenic.com/mercurial/#changeset-d19fa6e892483a197ba0138d996ef3621828f9ea</id>
  <link href="http://shiny-thing.local:8000/rev/d19fa6e892483a197ba0138d996ef3621828f9ea" />
  <updated>2008-11-20T15:52:49Z</updated>
  <author>
   <name>luser</name>
  </author>
  <content type="xhtml">
    <div xmlns="http://www.w3.org/1999/xhtml">
      <ul class="filelist"><li class="file">testfile</li></ul>
    </div>
  </content>
 </entry>
 <entry>
  <title>Changeset a19f3496dc6d46e9b22bda92676bb20bacd3124a</title>
  <id>http://www.selenic.com/mercurial/#changeset-a19f3496dc6d46e9b22bda92676bb20bacd3124a</id>
  <link href="http://shiny-thing.local:8000/rev/a19f3496dc6d46e9b22bda92676bb20bacd3124a" />
  <updated>2008-11-20T15:52:44Z</updated>
  <author>
   <name>luser</name>
  </author>
  <content type="xhtml">
    <div xmlns="http://www.w3.org/1999/xhtml">
      <ul class="filelist"><li class="file">testfile</li></ul>
    </div>
  </content>
 </entry>
 <entry>
  <title>Changeset ccf92322df622434a5b74cdecb52f5c01e7b4386</title>
  <id>http://www.selenic.com/mercurial/#changeset-ccf92322df622434a5b74cdecb52f5c01e7b4386</id>
  <link href="http://shiny-thing.local:8000/rev/ccf92322df622434a5b74cdecb52f5c01e7b4386" />
  <updated>2008-11-20T15:52:44Z</updated>
  <author>
   <name>luser</name>
  </author>
  <content type="xhtml">
    <div xmlns="http://www.w3.org/1999/xhtml">
      <ul class="filelist"><li class="file">testfile</li></ul>
    </div>
  </content>
 </entry>
 <entry>
  <title>Changeset d091969e89a9581fd89f7ed0afce10aaaa0c24bf</title>
  <id>http://www.selenic.com/mercurial/#changeset-d091969e89a9581fd89f7ed0afce10aaaa0c24bf</id>
  <link href="http://shiny-thing.local:8000/rev/d091969e89a9581fd89f7ed0afce10aaaa0c24bf" />
  <updated>2008-11-20T15:52:39Z</updated>
  <author>
   <name>luser</name>
  </author>
  <content type="xhtml">
    <div xmlns="http://www.w3.org/1999/xhtml">
      <ul class="filelist"><li class="file">testfile</li></ul>
    </div>
  </content>
 </entry>
 <entry>
  <title>Changeset 14f8472e2d04432be45987fe3ac2d3440b11264d</title>
  <id>http://www.selenic.com/mercurial/#changeset-14f8472e2d04432be45987fe3ac2d3440b11264d</id>
  <link href="http://shiny-thing.local:8000/rev/14f8472e2d04432be45987fe3ac2d3440b11264d" />
  <updated>2008-11-20T15:52:39Z</updated>
  <author>
   <name>luser</name>
  </author>
  <content type="xhtml">
    <div xmlns="http://www.w3.org/1999/xhtml">
      <ul class="filelist"><li class="file">testfile</li></ul>
    </div>
  </content>
 </entry>
 <entry>
  <title>Changeset 82883a615a97e9d5bd2083787fba2589dcfb4d7f</title>
  <id>http://www.selenic.com/mercurial/#changeset-82883a615a97e9d5bd2083787fba2589dcfb4d7f</id>
  <link href="http://shiny-thing.local:8000/rev/82883a615a97e9d5bd2083787fba2589dcfb4d7f" />
  <updated>2008-11-20T15:52:33Z</updated>
  <author>
   <name>luser</name>
  </author>
  <content type="xhtml">
    <div xmlns="http://www.w3.org/1999/xhtml">
      <ul class="filelist"><li class="file">testfile</li></ul>
    </div>
  </content>
 </entry>
 <entry>
  <title>Changeset 01ffeda797534f3045ad1cd941fddc3b775d8335</title>
  <id>http://www.selenic.com/mercurial/#changeset-01ffeda797534f3045ad1cd941fddc3b775d8335</id>
  <link href="http://shiny-thing.local:8000/rev/01ffeda797534f3045ad1cd941fddc3b775d8335" />
  <updated>2008-11-20T15:52:33Z</updated>
  <author>
   <name>luser</name>
  </author>
  <content type="xhtml">
    <div xmlns="http://www.w3.org/1999/xhtml">
      <ul class="filelist"><li class="file">testfile</li></ul>
    </div>
  </content>
 </entry>
 <entry>
  <title>Changeset 1ab7868c33f5a8db756bfaaa4fef148af7a983e3</title>
  <id>http://www.selenic.com/mercurial/#changeset-1ab7868c33f5a8db756bfaaa4fef148af7a983e3</id>
  <link href="http://shiny-thing.local:8000/rev/1ab7868c33f5a8db756bfaaa4fef148af7a983e3" />
  <updated>2008-11-20T15:52:28Z</updated>
  <author>
   <name>luser</name>
  </author>
  <content type="xhtml">
    <div xmlns="http://www.w3.org/1999/xhtml">
      <ul class="filelist"><li class="file">testfile</li></ul>
    </div>
  </content>
 </entry>
 <entry>
  <title>Changeset 2d6b2af9c95bc8884d9555aba5e4f4a843f3550b</title>
  <id>http://www.selenic.com/mercurial/#changeset-2d6b2af9c95bc8884d9555aba5e4f4a843f3550b</id>
  <link href="http://shiny-thing.local:8000/rev/2d6b2af9c95bc8884d9555aba5e4f4a843f3550b" />
  <updated>2008-11-20T15:52:28Z</updated>
  <author>
   <name>luser</name>
  </author>
  <content type="xhtml">
    <div xmlns="http://www.w3.org/1999/xhtml">
      <ul class="filelist"><li class="file">testfile</li></ul>
    </div>
  </content>
 </entry>
 <entry>
  <title>Changeset 5a12fe530992a84722c00ec6afa632c7fcf31093</title>
  <id>http://www.selenic.com/mercurial/#changeset-5a12fe530992a84722c00ec6afa632c7fcf31093</id>
  <link href="http://shiny-thing.local:8000/rev/5a12fe530992a84722c00ec6afa632c7fcf31093" />
  <updated>2008-11-20T15:52:23Z</updated>
  <author>
   <name>luser</name>
  </author>
  <content type="xhtml">
    <div xmlns="http://www.w3.org/1999/xhtml">
      <ul class="filelist"><li class="file">testfile</li></ul>
    </div>
  </content>
 </entry>
 <entry>
  <title>Changeset 784ff898cfb79d00df5fcbad75af3d64bed6c696</title>
  <id>http://www.selenic.com/mercurial/#changeset-784ff898cfb79d00df5fcbad75af3d64bed6c696</id>
  <link href="http://shiny-thing.local:8000/rev/784ff898cfb79d00df5fcbad75af3d64bed6c696" />
  <updated>2008-11-20T15:52:23Z</updated>
  <author>
   <name>luser</name>
  </author>
  <content type="xhtml">
    <div xmlns="http://www.w3.org/1999/xhtml">
      <ul class="filelist"><li class="file">testfile</li></ul>
    </div>
  </content>
 </entry>
 <entry>
  <title>Changeset 08457a6ebdd3c616246e120e0c4b912ff837e1d9</title>
  <id>http://www.selenic.com/mercurial/#changeset-08457a6ebdd3c616246e120e0c4b912ff837e1d9</id>
  <link href="http://shiny-thing.local:8000/rev/08457a6ebdd3c616246e120e0c4b912ff837e1d9" />
  <updated>2008-11-20T15:52:18Z</updated>
  <author>
   <name>luser</name>
  </author>
  <content type="xhtml">
    <div xmlns="http://www.w3.org/1999/xhtml">
      <ul class="filelist"><li class="file">testfile</li></ul>
    </div>
  </content>
 </entry>
 <entry>
  <title>Changeset df4b1b9d7d1c5ae66ae8b125c0c1fe4311bdbb30</title>
  <id>http://www.selenic.com/mercurial/#changeset-df4b1b9d7d1c5ae66ae8b125c0c1fe4311bdbb30</id>
  <link href="http://shiny-thing.local:8000/rev/df4b1b9d7d1c5ae66ae8b125c0c1fe4311bdbb30" />
  <updated>2008-11-20T15:52:18Z</updated>
  <author>
   <name>luser</name>
  </author>
  <content type="xhtml">
    <div xmlns="http://www.w3.org/1999/xhtml">
      <ul class="filelist"><li class="file">testfile</li></ul>
    </div>
  </content>
 </entry>
 <entry>
  <title>Changeset 943ccca41b66f26d1a3403ccd628a5dd7ad57347</title>
  <id>http://www.selenic.com/mercurial/#changeset-943ccca41b66f26d1a3403ccd628a5dd7ad57347</id>
  <link href="http://shiny-thing.local:8000/rev/943ccca41b66f26d1a3403ccd628a5dd7ad57347" />
  <updated>2008-11-20T15:52:12Z</updated>
  <author>
   <name>luser</name>
  </author>
  <content type="xhtml">
    <div xmlns="http://www.w3.org/1999/xhtml">
      <ul class="filelist"><li class="file">testfile</li></ul>
    </div>
  </content>
 </entry>
 <entry>
  <title>Changeset 083f3e712107f22576670e210ea794bed8a83eb2</title>
  <id>http://www.selenic.com/mercurial/#changeset-083f3e712107f22576670e210ea794bed8a83eb2</id>
  <link href="http://shiny-thing.local:8000/rev/083f3e712107f22576670e210ea794bed8a83eb2" />
  <updated>2008-11-20T15:52:12Z</updated>
  <author>
   <name>luser</name>
  </author>
  <content type="xhtml">
    <div xmlns="http://www.w3.org/1999/xhtml">
      <ul class="filelist"><li class="file">testfile</li></ul>
    </div>
  </content>
 </entry>
 <entry>
  <title>Changeset 5013972f6450b79fc1a804eee3fb9b7aa9f1d96b</title>
  <id>http://www.selenic.com/mercurial/#changeset-5013972f6450b79fc1a804eee3fb9b7aa9f1d96b</id>
  <link href="http://shiny-thing.local:8000/rev/5013972f6450b79fc1a804eee3fb9b7aa9f1d96b" />
  <updated>2008-11-20T15:52:07Z</updated>
  <author>
   <name>luser</name>
  </author>
  <content type="xhtml">
    <div xmlns="http://www.w3.org/1999/xhtml">
      <ul class="filelist"><li class="file">testfile</li></ul>
    </div>
  </content>
 </entry>
 <entry>
  <title>Changeset 867c3a4513ed8631d77a89e49edc47dcc90fcbe6</title>
  <id>http://www.selenic.com/mercurial/#changeset-867c3a4513ed8631d77a89e49edc47dcc90fcbe6</id>
  <link href="http://shiny-thing.local:8000/rev/867c3a4513ed8631d77a89e49edc47dcc90fcbe6" />
  <updated>2008-11-20T15:52:07Z</updated>
  <author>
   <name>luser</name>
  </author>
  <content type="xhtml">
    <div xmlns="http://www.w3.org/1999/xhtml">
      <ul class="filelist"><li class="file">testfile</li></ul>
    </div>
  </content>
 </entry>
 <entry>
  <title>Changeset 83ce6c6fee7b76b83019e681f922dc19c0e60a6a</title>
  <id>http://www.selenic.com/mercurial/#changeset-83ce6c6fee7b76b83019e681f922dc19c0e60a6a</id>
  <link href="http://shiny-thing.local:8000/rev/83ce6c6fee7b76b83019e681f922dc19c0e60a6a" />
  <updated>2008-11-20T15:52:02Z</updated>
  <author>
   <name>luser</name>
  </author>
  <content type="xhtml">
    <div xmlns="http://www.w3.org/1999/xhtml">
      <ul class="filelist"><li class="file">testfile</li></ul>
    </div>
  </content>
 </entry>
 <entry>
  <title>Changeset 72fd4cbf4f882f9a45f5771791e38c4060d221ee</title>
  <id>http://www.selenic.com/mercurial/#changeset-72fd4cbf4f882f9a45f5771791e38c4060d221ee</id>
  <link href="http://shiny-thing.local:8000/rev/72fd4cbf4f882f9a45f5771791e38c4060d221ee" />
  <updated>2008-11-20T15:52:02Z</updated>
  <author>
   <name>luser</name>
  </author>
  <content type="xhtml">
    <div xmlns="http://www.w3.org/1999/xhtml">
      <ul class="filelist"><li class="file">testfile</li></ul>
    </div>
  </content>
 </entry>
 <entry>
  <title>Changeset 52c2f117d0716eda78f7bff570db6ce179900600</title>
  <id>http://www.selenic.com/mercurial/#changeset-52c2f117d0716eda78f7bff570db6ce179900600</id>
  <link href="http://shiny-thing.local:8000/rev/52c2f117d0716eda78f7bff570db6ce179900600" />
  <updated>2008-11-20T15:51:56Z</updated>
  <author>
   <name>luser</name>
  </author>
  <content type="xhtml">
    <div xmlns="http://www.w3.org/1999/xhtml">
      <ul class="filelist"><li class="file">testfile</li></ul>
    </div>
  </content>
 </entry></feed>