<?xml version="1.0" encoding="UTF-8"?>
<feed xmlns="http://www.w3.org/2005/Atom">
 <id>http://shiny-thing.local:8000/pushlog</id>
 <link rel="self" href="http://shiny-thing.local:8000/pushlog" />
 <updated>2008-11-20T15:53:32Z</updated>
 <title>hg-test Pushlog</title>
 <entry>
  <title>Changeset a79451771352e444711b99134174c5daa05db9cd</title>
  <id>http://www.selenic.com/mercurial/#changeset-a79451771352e444711b99134174c5daa05db9cd</id>
  <link href="http://shiny-thing.local:8000/rev/a79451771352e444711b99134174c5daa05db9cd" />
  <updated>2008-11-20T15:53:32Z</updated>
  <author>
   <name>luser</name>
  </author>
  <content type="xhtml">
    <div xmlns="http://www.w3.org/1999/xhtml">
      <ul class="filelist"><li class="file">testfile</li></ul>
    </div>
  </content>
 </entry>
 <entry>
  <title>Changeset cf831767c52b75f1c57aa41d586877f9d18d61fa</title>
  <id>http://www.selenic.com/mercurial/#changeset-cf831767c52b75f1c57aa41d586877f9d18d61fa</id>
  <link href="http://shiny-thing.local:8000/rev/cf831767c52b75f1c57aa41d586877f9d18d61fa" />
  <updated>2008-11-20T15:53:32Z</updated>
  <author>
   <name>luser</name>
  </author>
  <content type="xhtml">
    <div xmlns="http://www.w3.org/1999/xhtml">
      <ul class="filelist"><li class="file">testfile</li></ul>
    </div>
  </content>
 </entry>
 <entry>
  <title>Changeset 0ea9c66e27948fde116fbaa141bb53e9f7c23359</title>
  <id>http://www.selenic.com/mercurial/#changeset-0ea9c66e27948fde116fbaa141bb53e9f7c23359</id>
  <link href="http://shiny-thing.local:8000/rev/0ea9c66e27948fde116fbaa141bb53e9f7c23359" />
  <updated>2008-11-20T15:53:26Z</updated>
  <author>
   <name>luser</name>
  </author>
  <content type="xhtml">
    <div xmlns="http://www.w3.org/1999/xhtml">
      <ul class="filelist"><li class="file">testfile</li></ul>
    </div>
  </content>
 </entry>
 <entry>
  <title>Changeset 6af3e4a04e2dd1491fc63c5b0cd811429452abc2</title>
  <id>http://www.selenic.com/mercurial/#changeset-6af3e4a04e2dd1491fc63c5b0cd811429452abc2</id>
  <link href="http://shiny-thing.local:8000/rev/6af3e4a04e2dd1491fc63c5b0cd811429452abc2" />
  <updated>2008-11-20T15:53:26Z</updated>
  <author>
   <name>luser</name>
  </author>
  <content type="xhtml">
    <div xmlns="http://www.w3.org/1999/xhtml">
      <ul class="filelist"><li class="file">testfile</li></ul>
    </div>
  </content>
 </entry>
 <entry>
  <title>Changeset 6437207053fb9701290b738d720044803436ba3e</title>
  <id>http://www.selenic.com/mercurial/#changeset-6437207053fb9701290b738d720044803436ba3e</id>
  <link href="http://shiny-thing.local:8000/rev/6437207053fb9701290b738d720044803436ba3e" />
  <updated>2008-11-20T15:53:21Z</updated>
  <author>
   <name>luser</name>
  </author>
  <content type="xhtml">
    <div xmlns="http://www.w3.org/1999/xhtml">
      <ul class="filelist"><li class="file">testfile</li></ul>
    </div>
  </content>
 </entry>
 <entry>
  <title>Changeset 759b21a48c09dfc221107268e84c71c32d48c84b</title>
  <id>http://www.selenic.com/mercurial/#changeset-759b21a48c09dfc221107268e84c71c32d48c84b</id>
  <link href="http://shiny-thing.local:8000/rev/759b21a48c09dfc221107268e84c71c32d48c84b" />
  <updated>2008-11-20T15:53:21Z</updated>
  <author>
   <name>luser</name>
  </author>
  <content type="xhtml">
    <div xmlns="http://www.w3.org/1999/xhtml">
      <ul class="filelist"><li class="file">testfile</li></ul>
    </div>
  </content>
 </entry>
 <entry>
  <title>Changeset 25f2a69ac7ac2919ef35c0b937b862fbb9e7e1f7</title>
  <id>http://www.selenic.com/mercurial/#changeset-25f2a69ac7ac2919ef35c0b937b862fbb9e7e1f7</id>
  <link href="http://shiny-thing.local:8000/rev/25f2a69ac7ac2919ef35c0b937b862fbb9e7e1f7" />
  <updated>2008-11-20T15:53:16Z</updated>
  <author>
   <name>luser</name>
  </author>
  <content type="xhtml">
    <div xmlns="http://www.w3.org/1999/xhtml">
      <ul class="filelist"><li class="file">testfile</li></ul>
    </div>
  </content>
 </entry>
 <entry>
  <title>Changeset 91826025c77c6a8e5711735adaa9766dd4eac7fc</title>
  <id>http://www.selenic.com/mercurial/#changeset-91826025c77c6a8e5711735adaa9766dd4eac7fc</id>
  <link href="http://shiny-thing.local:8000/rev/91826025c77c6a8e5711735adaa9766dd4eac7fc" />
  <updated>2008-11-20T15:53:16Z</updated>
  <author>
   <name>luser</name>
  </author>
  <content type="xhtml">
    <div xmlns="http://www.w3.org/1999/xhtml">
      <ul class="filelist"><li class="file">testfile</li></ul>
    </div>
  </content>
 </entry>
 <entry>
  <title>Changeset af5fb85d93246318a4050c4def448cbcfd068e57</title>
  <id>http://www.selenic.com/mercurial/#changeset-af5fb85d93246318a4050c4def448cbcfd068e57</id>
  <link href="http://shiny-thing.local:8000/rev/af5fb85d93246318a4050c4def448cbcfd068e57" />
  <updated>2008-11-20T15:53:10Z</updated>
  <author>
   <name>luser</name>
  </author>
  <content type="xhtml">
    <div xmlns="http://www.w3.org/1999/xhtml">
      <ul class="filelist"><li class="file">testfile</li></ul>
    </div>
  </content>
 </entry>
 <entry>
  <title>Changeset 41720e1fcc1c24ffd16cd988b5d8fbbe1fe23c90</title>
  <id>http://www.selenic.com/mercurial/#changeset-41720e1fcc1c24ffd16cd988b5d8fbbe1fe23c90</id>
  <link href="http://shiny-thing.local:8000/rev/41720e1fcc1c24ffd16cd988b5d8fbbe1fe23c90" />
  <updated>2008-11-20T15:53:10Z</updated>
  <author>
   <name>luser</name>
  </author>
  <content type="xhtml">
    <div xmlns="http://www.w3.org/1999/xhtml">
      <ul class="filelist"><li class="file">testfile</li></ul>
    </div>
  </content>
 </entry>
 <entry>
  <title>Changeset 853ae4aff7ec183c47f8b9b08faff9f8f4083855</title>
  <id>http://www.selenic.com/mercurial/#changeset-853ae4aff7ec183c47f8b9b08faff9f8f4083855</id>
  <link href="http://shiny-thing.local:8000/rev/853ae4aff7ec183c47f8b9b08faff9f8f4083855" />
  <updated>2008-11-20T15:53:05Z</updated>
  <author>
   <name>luser</name>
  </author>
  <content type="xhtml">
    <div xmlns="http://www.w3.org/1999/xhtml">
      <ul class="filelist"><li class="file">testfile</li></ul>
    </div>
  </content>
 </entry>
 <entry>
  <title>Changeset db80b071182be2384ba703f77a135a637e9a184a</title>
  <id>http://www.selenic.com/mercurial/#changeset-db80b071182be2384ba703f77a135a637e9a184a</id>
  <link href="http://shiny-thing.local:8000/rev/db80b071182be2384ba703f77a135a637e9a184a" />
  <updated>2008-11-20T15:53:05Z</updated>
  <author>
   <name>luser</name>
  </author>
  <content type="xhtml">
    <div xmlns="http://www.w3.org/1999/xhtml">
      <ul class="filelist"><li class="file">testfile</li></ul>
    </div>
  </content>
 </entry></feed>