<?xml version="1.0" encoding="UTF-8"?>
<feed xmlns="http://www.w3.org/2005/Atom">
 <id>http://shiny-thing.local:8000/pushlog</id>
 <link rel="self" href="http://shiny-thing.local:8000/pushlog" />
 <updated>2008-11-20T15:53:21Z</updated>
 <title>hg-test Pushlog</title>
 <entry>
  <title>Changeset 6437207053fb9701290b738d720044803436ba3e</title>
  <id>http://www.selenic.com/mercurial/#changeset-6437207053fb9701290b738d720044803436ba3e</id>
  <link href="http://shiny-thing.local:8000/rev/6437207053fb9701290b738d720044803436ba3e" />
  <updated>2008-11-20T15:53:21Z</updated>
  <author>
   <name>luser</name>
  </author>
  <content type="xhtml">
    <div xmlns="http://www.w3.org/1999/xhtml">
      <ul class="filelist"><li class="file">testfile</li></ul>
    </div>
  </content>
 </entry>
 <entry>
  <title>Changeset 25f2a69ac7ac2919ef35c0b937b862fbb9e7e1f7</title>
  <id>http://www.selenic.com/mercurial/#changeset-25f2a69ac7ac2919ef35c0b937b862fbb9e7e1f7</id>
  <link href="http://shiny-thing.local:8000/rev/25f2a69ac7ac2919ef35c0b937b862fbb9e7e1f7" />
  <updated>2008-11-20T15:53:16Z</updated>
  <author>
   <name>luser</name>
  </author>
  <content type="xhtml">
    <div xmlns="http://www.w3.org/1999/xhtml">
      <ul class="filelist"><li class="file">testfile</li></ul>
    </div>
  </content>
 </entry>
 <entry>
  <title>Changeset af5fb85d93246318a4050c4def448cbcfd068e57</title>
  <id>http://www.selenic.com/mercurial/#changeset-af5fb85d93246318a4050c4def448cbcfd068e57</id>
  <link href="http://shiny-thing.local:8000/rev/af5fb85d93246318a4050c4def448cbcfd068e57" />
  <updated>2008-11-20T15:53:10Z</updated>
  <author>
   <name>luser</name>
  </author>
  <content type="xhtml">
    <div xmlns="http://www.w3.org/1999/xhtml">
      <ul class="filelist"><li class="file">testfile</li></ul>
    </div>
  </content>
 </entry>
 <entry>
  <title>Changeset 853ae4aff7ec183c47f8b9b08faff9f8f4083855</title>
  <id>http://www.selenic.com/mercurial/#changeset-853ae4aff7ec183c47f8b9b08faff9f8f4083855</id>
  <link href="http://shiny-thing.local:8000/rev/853ae4aff7ec183c47f8b9b08faff9f8f4083855" />
  <updated>2008-11-20T15:53:05Z</updated>
  <author>
   <name>luser</name>
  </author>
  <content type="xhtml">
    <div xmlns="http://www.w3.org/1999/xhtml">
      <ul class="filelist"><li class="file">testfile</li></ul>
    </div>
  </content>
 </entry>
 <entry>
  <title>Changeset 4ccee53e18ac923ff9ac995805748167128327a9</title>
  <id>http://www.selenic.com/mercurial/#changeset-4ccee53e18ac923ff9ac995805748167128327a9</id>
  <link href="http://shiny-thing.local:8000/rev/4ccee53e18ac923ff9ac995805748167128327a9" />
  <updated>2008-11-20T15:53:00Z</updated>
  <author>
   <name>luser</name>
  </author>
  <content type="xhtml">
    <div xmlns="http://www.w3.org/1999/xhtml">
      <ul class="filelist"><li class="file">testfile</li></ul>
    </div>
  </content>
 </entry>
 <entry>
  <title>Changeset 7886a3f7fcba196c29bd9de0cc4d858cdc4910b9</title>
  <id>http://www.selenic.com/mercurial/#changeset-7886a3f7fcba196c29bd9de0cc4d858cdc4910b9</id>
  <link href="http://shiny-thing.local:8000/rev/7886a3f7fcba196c29bd9de0cc4d858cdc4910b9" />
  <updated>2008-11-20T15:52:55Z</updated>
  <author>
   <name>luser</name>
  </author>
  <content type="xhtml">
    <div xmlns="http://www.w3.org/1999/xhtml">
      <ul class="filelist"><li class="file">testfile</li></ul>
    </div>
  </content>
 </entry>
 <entry>
  <title>Changeset e9ea8b142bf4e2aa230cbd46d68ec73f45c1e080</title>
  <id>http://www.selenic.com/mercurial/#changeset-e9ea8b142bf4e2aa230cbd46d68ec73f45c1e080</id>
  <link href="http://shiny-thing.local:8000/rev/e9ea8b142bf4e2aa230cbd46d68ec73f45c1e080" />
  <updated>2008-11-20T15:52:49Z</updated>
  <author>
   <name>luser</name>
  </author>
  <content type="xhtml">
    <div xmlns="http://www.w3.org/1999/xhtml">
      <ul class="filelist"><li class="file">testfile</li></ul>
    </div>
  </content>
 </entry>
 <entry>
  <title>Changeset a19f3496dc6d46e9b22bda92676bb20bacd3124a</title>
  <id>http://www.selenic.com/mercurial/#changeset-a19f3496dc6d46e9b22bda92676bb20bacd3124a</id>
  <link href="http://shiny-thing.local:8000/rev/a19f3496dc6d46e9b22bda92676bb20bacd3124a" />
  <updated>2008-11-20T15:52:44Z</updated>
  <author>
   <name>luser</name>
  </author>
  <content type="xhtml">
    <div xmlns="http://www.w3.org/1999/xhtml">
      <ul class="filelist"><li class="file">testfile</li></ul>
    </div>
  </content>
 </entry>
 <entry>
  <title>Changeset d091969e89a9581fd89f7ed0afce10aaaa0c24bf</title>
  <id>http://www.selenic.com/mercurial/#changeset-d091969e89a9581fd89f7ed0afce10aaaa0c24bf</id>
  <link href="http://shiny-thing.local:8000/rev/d091969e89a9581fd89f7ed0afce10aaaa0c24bf" />
  <updated>2008-11-20T15:52:39Z</updated>
  <author>
   <name>luser</name>
  </author>
  <content type="xhtml">
    <div xmlns="http://www.w3.org/1999/xhtml">
      <ul class="filelist"><li class="file">testfile</li></ul>
    </div>
  </content>
 </entry>
 <entry>
  <title>Changeset 82883a615a97e9d5bd2083787fba2589dcfb4d7f</title>
  <id>http://www.selenic.com/mercurial/#changeset-82883a615a97e9d5bd2083787fba2589dcfb4d7f</id>
  <link href="http://shiny-thing.local:8000/rev/82883a615a97e9d5bd2083787fba2589dcfb4d7f" />
  <updated>2008-11-20T15:52:33Z</updated>
  <author>
   <name>luser</name>
  </author>
  <content type="xhtml">
    <div xmlns="http://www.w3.org/1999/xhtml">
      <ul class="filelist"><li class="file">testfile</li></ul>
    </div>
  </content>
 </entry>
 <entry>
  <title>Changeset 1ab7868c33f5a8db756bfaaa4fef148af7a983e3</title>
  <id>http://www.selenic.com/mercurial/#changeset-1ab7868c33f5a8db756bfaaa4fef148af7a983e3</id>
  <link href="http://shiny-thing.local:8000/rev/1ab7868c33f5a8db756bfaaa4fef148af7a983e3" />
  <updated>2008-11-20T15:52:28Z</updated>
  <author>
   <name>luser</name>
  </author>
  <content type="xhtml">
    <div xmlns="http://www.w3.org/1999/xhtml">
      <ul class="filelist"><li class="file">testfile</li></ul>
    </div>
  </content>
 </entry></feed>