<?xml version="1.0" encoding="UTF-8"?>
<feed xmlns="http://www.w3.org/2005/Atom">
 <id>http://shiny-thing.local:8000/pushlog</id>
 <link rel="self" href="http://shiny-thing.local:8000/pushlog" />
 <updated>2008-11-20T15:52:49Z</updated>
 <title>hg-test Pushlog</title>
 <entry>
  <title>Changeset e9ea8b142bf4e2aa230cbd46d68ec73f45c1e080</title>
  <id>http://www.selenic.com/mercurial/#changeset-e9ea8b142bf4e2aa230cbd46d68ec73f45c1e080</id>
  <link href="http://shiny-thing.local:8000/rev/e9ea8b142bf4e2aa230cbd46d68ec73f45c1e080" />
  <updated>2008-11-20T15:52:49Z</updated>
  <author>
   <name>luser</name>
  </author>
  <content type="xhtml">
    <div xmlns="http://www.w3.org/1999/xhtml">
      <ul class="filelist"><li class="file">testfile</li></ul>
    </div>
  </content>
 </entry>
 <entry>
  <title>Changeset d19fa6e892483a197ba0138d996ef3621828f9ea</title>
  <id>http://www.selenic.com/mercurial/#changeset-d19fa6e892483a197ba0138d996ef3621828f9ea</id>
  <link href="http://shiny-thing.local:8000/rev/d19fa6e892483a197ba0138d996ef3621828f9ea" />
  <updated>2008-11-20T15:52:49Z</updated>
  <author>
   <name>luser</name>
  </author>
  <content type="xhtml">
    <div xmlns="http://www.w3.org/1999/xhtml">
      <ul class="filelist"><li class="file">testfile</li></ul>
    </div>
  </content>
 </entry>
 <entry>
  <title>Changeset a19f3496dc6d46e9b22bda92676bb20bacd3124a</title>
  <id>http://www.selenic.com/mercurial/#changeset-a19f3496dc6d46e9b22bda92676bb20bacd3124a</id>
  <link href="http://shiny-thing.local:8000/rev/a19f3496dc6d46e9b22bda92676bb20bacd3124a" />
  <updated>2008-11-20T15:52:44Z</updated>
  <author>
   <name>luser</name>
  </author>
  <content type="xhtml">
    <div xmlns="http://www.w3.org/1999/xhtml">
      <ul class="filelist"><li class="file">testfile</li></ul>
    </div>
  </content>
 </entry>
 <entry>
  <title>Changeset ccf92322df622434a5b74cdecb52f5c01e7b4386</title>
  <id>http://www.selenic.com/mercurial/#changeset-ccf92322df622434a5b74cdecb52f5c01e7b4386</id>
  <link href="http://shiny-thing.local:8000/rev/ccf92322df622434a5b74cdecb52f5c01e7b4386" />
  <updated>2008-11-20T15:52:44Z</updated>
  <author>
   <name>luser</name>
  </author>
  <content type="xhtml">
    <div xmlns="http://www.w3.org/1999/xhtml">
      <ul class="filelist"><li class="file">testfile</li></ul>
    </div>
  </content>
 </entry>
 <entry>
  <title>Changeset d091969e89a9581fd89f7ed0afce10aaaa0c24bf</title>
  <id>http://www.selenic.com/mercurial/#changeset-d091969e89a9581fd89f7ed0afce10aaaa0c24bf</id>
  <link href="http://shiny-thing.local:8000/rev/d091969e89a9581fd89f7ed0afce10aaaa0c24bf" />
  <updated>2008-11-20T15:52:39Z</updated>
  <author>
   <name>luser</name>
  </author>
  <content type="xhtml">
    <div xmlns="http://www.w3.org/1999/xhtml">
      <ul class="filelist"><li class="file">testfile</li></ul>
    </div>
  </content>
 </entry>
 <entry>
  <title>Changeset 14f8472e2d04432be45987fe3ac2d3440b11264d</title>
  <id>http://www.selenic.com/mercurial/#changeset-14f8472e2d04432be45987fe3ac2d3440b11264d</id>
  <link href="http://shiny-thing.local:8000/rev/14f8472e2d04432be45987fe3ac2d3440b11264d" />
  <updated>2008-11-20T15:52:39Z</updated>
  <author>
   <name>luser</name>
  </author>
  <content type="xhtml">
    <div xmlns="http://www.w3.org/1999/xhtml">
      <ul class="filelist"><li class="file">testfile</li></ul>
    </div>
  </content>
 </entry>
 <entry>
  <title>Changeset 82883a615a97e9d5bd2083787fba2589dcfb4d7f</title>
  <id>http://www.selenic.com/mercurial/#changeset-82883a615a97e9d5bd2083787fba2589dcfb4d7f</id>
  <link href="http://shiny-thing.local:8000/rev/82883a615a97e9d5bd2083787fba2589dcfb4d7f" />
  <updated>2008-11-20T15:52:33Z</updated>
  <author>
   <name>luser</name>
  </author>
  <content type="xhtml">
    <div xmlns="http://www.w3.org/1999/xhtml">
      <ul class="filelist"><li class="file">testfile</li></ul>
    </div>
  </content>
 </entry>
 <entry>
  <title>Changeset 01ffeda797534f3045ad1cd941fddc3b775d8335</title>
  <id>http://www.selenic.com/mercurial/#changeset-01ffeda797534f3045ad1cd941fddc3b775d8335</id>
  <link href="http://shiny-thing.local:8000/rev/01ffeda797534f3045ad1cd941fddc3b775d8335" />
  <updated>2008-11-20T15:52:33Z</updated>
  <author>
   <name>luser</name>
  </author>
  <content type="xhtml">
    <div xmlns="http://www.w3.org/1999/xhtml">
      <ul class="filelist"><li class="file">testfile</li></ul>
    </div>
  </content>
 </entry>
 <entry>
  <title>Changeset 1ab7868c33f5a8db756bfaaa4fef148af7a983e3</title>
  <id>http://www.selenic.com/mercurial/#changeset-1ab7868c33f5a8db756bfaaa4fef148af7a983e3</id>
  <link href="http://shiny-thing.local:8000/rev/1ab7868c33f5a8db756bfaaa4fef148af7a983e3" />
  <updated>2008-11-20T15:52:28Z</updated>
  <author>
   <name>luser</name>
  </author>
  <content type="xhtml">
    <div xmlns="http://www.w3.org/1999/xhtml">
      <ul class="filelist"><li class="file">testfile</li></ul>
    </div>
  </content>
 </entry>
 <entry>
  <title>Changeset 2d6b2af9c95bc8884d9555aba5e4f4a843f3550b</title>
  <id>http://www.selenic.com/mercurial/#changeset-2d6b2af9c95bc8884d9555aba5e4f4a843f3550b</id>
  <link href="http://shiny-thing.local:8000/rev/2d6b2af9c95bc8884d9555aba5e4f4a843f3550b" />
  <updated>2008-11-20T15:52:28Z</updated>
  <author>
   <name>luser</name>
  </author>
  <content type="xhtml">
    <div xmlns="http://www.w3.org/1999/xhtml">
      <ul class="filelist"><li class="file">testfile</li></ul>
    </div>
  </content>
 </entry>
 <entry>
  <title>Changeset 5a12fe530992a84722c00ec6afa632c7fcf31093</title>
  <id>http://www.selenic.com/mercurial/#changeset-5a12fe530992a84722c00ec6afa632c7fcf31093</id>
  <link href="http://shiny-thing.local:8000/rev/5a12fe530992a84722c00ec6afa632c7fcf31093" />
  <updated>2008-11-20T15:52:23Z</updated>
  <author>
   <name>luser</name>
  </author>
  <content type="xhtml">
    <div xmlns="http://www.w3.org/1999/xhtml">
      <ul class="filelist"><li class="file">testfile</li></ul>
    </div>
  </content>
 </entry>
 <entry>
  <title>Changeset 784ff898cfb79d00df5fcbad75af3d64bed6c696</title>
  <id>http://www.selenic.com/mercurial/#changeset-784ff898cfb79d00df5fcbad75af3d64bed6c696</id>
  <link href="http://shiny-thing.local:8000/rev/784ff898cfb79d00df5fcbad75af3d64bed6c696" />
  <updated>2008-11-20T15:52:23Z</updated>
  <author>
   <name>luser</name>
  </author>
  <content type="xhtml">
    <div xmlns="http://www.w3.org/1999/xhtml">
      <ul class="filelist"><li class="file">testfile</li></ul>
    </div>
  </content>
 </entry>
 <entry>
  <title>Changeset 08457a6ebdd3c616246e120e0c4b912ff837e1d9</title>
  <id>http://www.selenic.com/mercurial/#changeset-08457a6ebdd3c616246e120e0c4b912ff837e1d9</id>
  <link href="http://shiny-thing.local:8000/rev/08457a6ebdd3c616246e120e0c4b912ff837e1d9" />
  <updated>2008-11-20T15:52:18Z</updated>
  <author>
   <name>luser</name>
  </author>
  <content type="xhtml">
    <div xmlns="http://www.w3.org/1999/xhtml">
      <ul class="filelist"><li class="file">testfile</li></ul>
    </div>
  </content>
 </entry>
 <entry>
  <title>Changeset df4b1b9d7d1c5ae66ae8b125c0c1fe4311bdbb30</title>
  <id>http://www.selenic.com/mercurial/#changeset-df4b1b9d7d1c5ae66ae8b125c0c1fe4311bdbb30</id>
  <link href="http://shiny-thing.local:8000/rev/df4b1b9d7d1c5ae66ae8b125c0c1fe4311bdbb30" />
  <updated>2008-11-20T15:52:18Z</updated>
  <author>
   <name>luser</name>
  </author>
  <content type="xhtml">
    <div xmlns="http://www.w3.org/1999/xhtml">
      <ul class="filelist"><li class="file">testfile</li></ul>
    </div>
  </content>
 </entry>
 <entry>
  <title>Changeset 943ccca41b66f26d1a3403ccd628a5dd7ad57347</title>
  <id>http://www.selenic.com/mercurial/#changeset-943ccca41b66f26d1a3403ccd628a5dd7ad57347</id>
  <link href="http://shiny-thing.local:8000/rev/943ccca41b66f26d1a3403ccd628a5dd7ad57347" />
  <updated>2008-11-20T15:52:12Z</updated>
  <author>
   <name>luser</name>
  </author>
  <content type="xhtml">
    <div xmlns="http://www.w3.org/1999/xhtml">
      <ul class="filelist"><li class="file">testfile</li></ul>
    </div>
  </content>
 </entry>
 <entry>
  <title>Changeset 083f3e712107f22576670e210ea794bed8a83eb2</title>
  <id>http://www.selenic.com/mercurial/#changeset-083f3e712107f22576670e210ea794bed8a83eb2</id>
  <link href="http://shiny-thing.local:8000/rev/083f3e712107f22576670e210ea794bed8a83eb2" />
  <updated>2008-11-20T15:52:12Z</updated>
  <author>
   <name>luser</name>
  </author>
  <content type="xhtml">
    <div xmlns="http://www.w3.org/1999/xhtml">
      <ul class="filelist"><li class="file">testfile</li></ul>
    </div>
  </content>
 </entry>
 <entry>
  <title>Changeset 5013972f6450b79fc1a804eee3fb9b7aa9f1d96b</title>
  <id>http://www.selenic.com/mercurial/#changeset-5013972f6450b79fc1a804eee3fb9b7aa9f1d96b</id>
  <link href="http://shiny-thing.local:8000/rev/5013972f6450b79fc1a804eee3fb9b7aa9f1d96b" />
  <updated>2008-11-20T15:52:07Z</updated>
  <author>
   <name>luser</name>
  </author>
  <content type="xhtml">
    <div xmlns="http://www.w3.org/1999/xhtml">
      <ul class="filelist"><li class="file">testfile</li></ul>
    </div>
  </content>
 </entry>
 <entry>
  <title>Changeset 867c3a4513ed8631d77a89e49edc47dcc90fcbe6</title>
  <id>http://www.selenic.com/mercurial/#changeset-867c3a4513ed8631d77a89e49edc47dcc90fcbe6</id>
  <link href="http://shiny-thing.local:8000/rev/867c3a4513ed8631d77a89e49edc47dcc90fcbe6" />
  <updated>2008-11-20T15:52:07Z</updated>
  <author>
   <name>luser</name>
  </author>
  <content type="xhtml">
    <div xmlns="http://www.w3.org/1999/xhtml">
      <ul class="filelist"><li class="file">testfile</li></ul>
    </div>
  </content>
 </entry>
 <entry>
  <title>Changeset 83ce6c6fee7b76b83019e681f922dc19c0e60a6a</title>
  <id>http://www.selenic.com/mercurial/#changeset-83ce6c6fee7b76b83019e681f922dc19c0e60a6a</id>
  <link href="http://shiny-thing.local:8000/rev/83ce6c6fee7b76b83019e681f922dc19c0e60a6a" />
  <updated>2008-11-20T15:52:02Z</updated>
  <author>
   <name>luser</name>
  </author>
  <content type="xhtml">
    <div xmlns="http://www.w3.org/1999/xhtml">
      <ul class="filelist"><li class="file">testfile</li></ul>
    </div>
  </content>
 </entry>
 <entry>
  <title>Changeset 72fd4cbf4f882f9a45f5771791e38c4060d221ee</title>
  <id>http://www.selenic.com/mercurial/#changeset-72fd4cbf4f882f9a45f5771791e38c4060d221ee</id>
  <link href="http://shiny-thing.local:8000/rev/72fd4cbf4f882f9a45f5771791e38c4060d221ee" />
  <updated>2008-11-20T15:52:02Z</updated>
  <author>
   <name>luser</name>
  </author>
  <content type="xhtml">
    <div xmlns="http://www.w3.org/1999/xhtml">
      <ul class="filelist"><li class="file">testfile</li></ul>
    </div>
  </content>
 </entry></feed>