<?xml version="1.0" encoding="UTF-8"?>
<feed xmlns="http://www.w3.org/2005/Atom">
 <id>http://shiny-thing.local:8000/pushlog</id>
 <link rel="self" href="http://shiny-thing.local:8000/pushlog" />
 <updated>2008-11-20T15:53:32Z</updated>
 <title>hg-test Pushlog</title>
 <entry>
  <title>Changeset a79451771352e444711b99134174c5daa05db9cd</title>
  <id>http://www.selenic.com/mercurial/#changeset-a79451771352e444711b99134174c5daa05db9cd</id>
  <link href="http://shiny-thing.local:8000/rev/a79451771352e444711b99134174c5daa05db9cd" />
  <updated>2008-11-20T15:53:32Z</updated>
  <author>
   <name>luser</name>
  </author>
  <content type="xhtml">
    <div xmlns="http://www.w3.org/1999/xhtml">
      <ul class="filelist"><li class="file">testfile</li></ul>
    </div>
  </content>
 </entry>
 <entry>
  <title>Changeset 0ea9c66e27948fde116fbaa141bb53e9f7c23359</title>
  <id>http://www.selenic.com/mercurial/#changeset-0ea9c66e27948fde116fbaa141bb53e9f7c23359</id>
  <link href="http://shiny-thing.local:8000/rev/0ea9c66e27948fde116fbaa141bb53e9f7c23359" />
  <updated>2008-11-20T15:53:26Z</updated>
  <author>
   <name>luser</name>
  </author>
  <content type="xhtml">
    <div xmlns="http://www.w3.org/1999/xhtml">
      <ul class="filelist"><li class="file">testfile</li></ul>
    </div>
  </content>
 </entry>
 <entry>
  <title>Changeset 6437207053fb9701290b738d720044803436ba3e</title>
  <id>http://www.selenic.com/mercurial/#changeset-6437207053fb9701290b738d720044803436ba3e</id>
  <link href="http://shiny-thing.local:8000/rev/6437207053fb9701290b738d720044803436ba3e" />
  <updated>2008-11-20T15:53:21Z</updated>
  <author>
   <name>luser</name>
  </author>
  <content type="xhtml">
    <div xmlns="http://www.w3.org/1999/xhtml">
      <ul class="filelist"><li class="file">testfile</li></ul>
    </div>
  </content>
 </entry>
 <entry>
  <title>Changeset 25f2a69ac7ac2919ef35c0b937b862fbb9e7e1f7</title>
  <id>http://www.selenic.com/mercurial/#changeset-25f2a69ac7ac2919ef35c0b937b862fbb9e7e1f7</id>
  <link href="http://shiny-thing.local:8000/rev/25f2a69ac7ac2919ef35c0b937b862fbb9e7e1f7" />
  <updated>2008-11-20T15:53:16Z</updated>
  <author>
   <name>luser</name>
  </author>
  <content type="xhtml">
    <div xmlns="http://www.w3.org/1999/xhtml">
      <ul class="filelist"><li class="file">testfile</li></ul>
    </div>
  </content>
 </entry>
 <entry>
  <title>Changeset af5fb85d93246318a4050c4def448cbcfd068e57</title>
  <id>http://www.selenic.com/mercurial/#changeset-af5fb85d93246318a4050c4def448cbcfd068e57</id>
  <link href="http://shiny-thing.local:8000/rev/af5fb85d93246318a4050c4def448cbcfd068e57" />
  <updated>2008-11-20T15:53:10Z</updated>
  <author>
   <name>luser</name>
  </author>
  <content type="xhtml">
    <div xmlns="http://www.w3.org/1999/xhtml">
      <ul class="filelist"><li class="file">testfile</li></ul>
    </div>
  </content>
 </entry>
 <entry>
  <title>Changeset 853ae4aff7ec183c47f8b9b08faff9f8f4083855</title>
  <id>http://www.selenic.com/mercurial/#changeset-853ae4aff7ec183c47f8b9b08faff9f8f4083855</id>
  <link href="http://shiny-thing.local:8000/rev/853ae4aff7ec183c47f8b9b08faff9f8f4083855" />
  <updated>2008-11-20T15:53:05Z</updated>
  <author>
   <name>luser</name>
  </author>
  <content type="xhtml">
    <div xmlns="http://www.w3.org/1999/xhtml">
      <ul class="filelist"><li class="file">testfile</li></ul>
    </div>
  </content>
 </entry></feed>